2026-06-18 08:42:09 [ERROR] Database connection failed: could not find driver
2026-06-18 08:42:09 [ERROR] HomeController: could not find driver
2026-06-18 08:42:20 [ERROR] Database connection failed: could not find driver
2026-06-18 08:42:20 [ERROR] HomeController: could not find driver
2026-06-19 09:13:10 [ERROR] Database connection failed: could not find driver
2026-06-19 09:13:10 [ERROR] HomeController: could not find driver
2026-06-19 09:13:36 [ERROR] Database connection failed: could not find driver
2026-06-19 09:13:37 [ERROR] Database connection failed: could not find driver
2026-06-19 09:13:40 [ERROR] Database connection failed: could not find driver
2026-06-19 09:13:40 [ERROR] HomeController: could not find driver
2026-06-19 09:14:01 [ERROR] Database connection failed: could not find driver
2026-06-19 09:16:56 [ERROR] Database connection failed: could not find driver
2026-06-19 09:16:56 [ERROR] HomeController: could not find driver
2026-06-19 09:28:25 [INFO] Database connection successful
2026-06-19 09:28:28 [INFO] Database connection successful
2026-06-19 09:28:30 [INFO] Database connection successful
2026-06-19 09:28:51 [INFO] Database connection successful
2026-06-19 09:28:54 [INFO] Database connection successful
2026-06-19 09:47:03 [INFO] Database connection successful
2026-06-19 09:47:08 [INFO] Database connection successful
2026-06-19 09:47:10 [INFO] Database connection successful
2026-06-19 09:52:29 [INFO] Database connection successful
2026-06-19 09:52:33 [INFO] Database connection successful
2026-06-19 09:52:37 [INFO] Database connection successful
2026-06-19 09:52:40 [INFO] Database connection successful
2026-06-19 09:53:56 [INFO] Database connection successful
2026-06-19 09:55:08 [INFO] Database connection successful
2026-06-19 09:55:59 [INFO] Database connection successful
2026-06-19 09:56:57 [INFO] Database connection successful
2026-06-19 09:57:46 [INFO] Database connection successful
2026-06-19 09:57:49 [INFO] Database connection successful
2026-06-19 09:57:50 [INFO] Database connection successful
2026-06-19 09:57:57 [INFO] Database connection successful
2026-06-19 09:58:35 [INFO] Database connection successful
2026-06-19 09:59:14 [INFO] Database connection successful
2026-06-19 09:59:18 [INFO] Database connection successful
2026-06-19 09:59:20 [INFO] Database connection successful
2026-06-19 09:59:24 [INFO] Database connection successful
2026-06-19 09:59:26 [INFO] Database connection successful
2026-06-19 10:00:19 [INFO] Database connection successful
2026-06-19 10:07:55 [INFO] Database connection successful
2026-06-19 10:11:46 [INFO] Database connection successful
2026-06-19 10:13:09 [INFO] Database connection successful
2026-06-19 10:25:56 [INFO] Database connection successful
2026-06-19 10:26:16 [INFO] Database connection successful
2026-06-19 10:26:18 [INFO] Database connection successful
2026-06-19 10:28:09 [INFO] Database connection successful
2026-06-19 10:28:50 [INFO] Database connection successful
2026-06-19 10:29:39 [INFO] Database connection successful
2026-06-19 10:32:41 [INFO] Database connection successful
2026-06-19 10:32:43 [INFO] Database connection successful
2026-06-19 10:32:46 [INFO] Database connection successful
2026-06-19 10:32:47 [INFO] Database connection successful
2026-06-19 10:32:53 [INFO] Database connection successful
2026-06-19 10:33:56 [INFO] Database connection successful
2026-06-19 10:33:57 [INFO] Database connection successful
2026-06-19 10:34:21 [INFO] Database connection successful
2026-06-19 10:36:37 [INFO] Database connection successful
2026-06-19 10:39:07 [INFO] Database connection successful
2026-06-19 10:39:08 [INFO] Database connection successful
2026-06-19 10:39:39 [INFO] Database connection successful
2026-06-19 10:42:30 [INFO] Database connection successful
2026-06-19 10:42:30 [INFO] Database connection successful
2026-06-19 10:45:34 [INFO] Database connection successful
2026-06-19 10:46:10 [INFO] Database connection successful
2026-06-19 10:46:29 [INFO] Database connection successful
2026-06-19 10:46:46 [INFO] Database connection successful
2026-06-19 10:47:02 [INFO] Database connection successful
2026-06-19 10:47:41 [INFO] Database connection successful
2026-06-19 10:48:22 [INFO] Database connection successful
2026-06-19 10:48:23 [INFO] Database connection successful
2026-06-19 10:49:33 [INFO] Database connection successful
2026-06-19 10:49:35 [INFO] Database connection successful
2026-06-19 10:51:32 [INFO] Database connection successful
2026-06-19 10:52:48 [INFO] Database connection successful
2026-06-19 10:53:22 [INFO] Database connection successful
2026-06-19 10:53:23 [INFO] Database connection successful
2026-06-19 10:54:20 [INFO] Database connection successful
2026-06-19 10:54:31 [INFO] Database connection successful
2026-06-19 10:54:45 [INFO] Database connection successful
2026-06-19 10:54:52 [INFO] Database connection successful
2026-06-19 10:54:54 [INFO] Database connection successful
2026-06-19 10:54:57 [INFO] Database connection successful
2026-06-19 10:55:10 [INFO] Database connection successful
2026-06-19 10:55:22 [INFO] Database connection successful
2026-06-19 10:55:53 [INFO] Database connection successful
2026-06-19 10:55:55 [INFO] Database connection successful
2026-06-19 10:55:56 [INFO] Database connection successful
2026-06-19 10:55:58 [INFO] Database connection successful
2026-06-19 10:56:19 [INFO] Database connection successful
2026-06-19 10:56:21 [INFO] Database connection successful
2026-06-19 10:56:23 [INFO] Database connection successful
2026-06-19 10:56:27 [INFO] Database connection successful
2026-06-19 10:56:29 [INFO] Database connection successful
2026-06-19 10:57:15 [INFO] Database connection successful
2026-06-19 10:57:15 [INFO] Database connection successful
2026-06-19 10:57:15 [INFO] Database connection successful
2026-06-19 10:58:02 [INFO] Database connection successful
2026-06-19 11:01:25 [INFO] Database connection successful
2026-06-19 11:03:26 [INFO] Database connection successful
2026-06-19 11:03:52 [INFO] Database connection successful
2026-06-19 11:03:52 [INFO] Database connection successful
2026-06-19 11:05:07 [INFO] Database connection successful
2026-06-19 11:05:07 [INFO] Database connection successful
2026-06-19 11:05:44 [INFO] Database connection successful
2026-06-19 11:06:18 [INFO] Database connection successful
2026-06-19 11:06:36 [INFO] Database connection successful
2026-06-19 11:06:40 [INFO] Database connection successful
2026-06-19 11:06:43 [INFO] Database connection successful
2026-06-19 11:06:57 [INFO] Database connection successful
2026-06-19 11:07:15 [INFO] Database connection successful
2026-06-19 11:07:20 [INFO] Database connection successful
2026-06-19 11:07:37 [INFO] Database connection successful
2026-06-19 11:08:09 [INFO] Database connection successful
2026-06-19 11:10:31 [ERROR] Database connection failed: SQLSTATE[HY000] [1045] Access denied for user 'root'@'localhost' (using password: NO)
2026-06-19 11:10:57 [ERROR] Database connection failed: SQLSTATE[HY000] [1045] Access denied for user 'root'@'localhost' (using password: NO)
2026-06-19 11:43:26 [INFO] Database connection successful
2026-06-19 11:43:40 [INFO] Database connection successful
2026-06-19 11:49:53 [INFO] Database connection successful
2026-06-19 11:54:30 [INFO] Database connection successful
2026-06-19 11:54:32 [INFO] Database connection successful
2026-06-19 11:55:19 [INFO] Database connection successful
2026-06-19 11:55:23 [INFO] Database connection successful
2026-06-19 11:55:24 [INFO] Database connection successful
2026-06-19 11:55:47 [INFO] Database connection successful
2026-06-19 11:58:24 [INFO] Database connection successful
2026-06-22 07:49:49 [INFO] Database connection successful
2026-06-22 07:49:52 [INFO] Database connection successful
2026-06-22 07:50:59 [INFO] Database connection successful
2026-06-22 08:06:50 [INFO] Database connection successful
2026-06-22 08:07:00 [INFO] Database connection successful
2026-06-22 08:07:00 [INFO] Database connection successful
2026-06-22 08:07:03 [INFO] Database connection successful
2026-06-22 08:07:03 [INFO] Database connection successful
2026-06-22 08:07:10 [INFO] Database connection successful
2026-06-22 08:11:26 [INFO] Database connection successful
2026-06-22 08:19:43 [INFO] Database connection successful
2026-06-22 08:22:00 [INFO] Database connection successful
2026-06-22 08:27:52 [ERROR] Database connection failed: SQLSTATE[HY000] [1045] Access denied for user 'root'@'localhost' (using password: NO)
2026-06-22 08:27:52 [ERROR] HomeController: SQLSTATE[HY000] [1045] Access denied for user 'root'@'localhost' (using password: NO)
2026-06-22 08:28:14 [ERROR] Database connection failed: SQLSTATE[HY000] [1045] Access denied for user 'root'@'localhost' (using password: NO)
2026-06-22 08:30:06 [INFO] Database connection successful
2026-06-22 08:30:07 [INFO] Database connection successful
